c:\users\deeman\desktop\buggy_rover\debug\formula allcode.pch
c:\users\deeman\desktop\buggy_rover\debug\vc143.pdb
c:\users\deeman\desktop\buggy_rover\debug\vc143.idb
c:\users\deeman\desktop\buggy_rover\debug\stdafx.obj
c:\users\deeman\desktop\buggy_rover\debug\formula allcode.obj
c:\users\deeman\desktop\buggy_project\buggy_rover\debug\formula allcode.pch
c:\users\deeman\desktop\buggy_project\buggy_rover\debug\vc143.pdb
c:\users\deeman\desktop\buggy_project\buggy_rover\debug\vc143.idb
c:\users\deeman\desktop\buggy_project\buggy_rover\debug\stdafx.obj
c:\users\deeman\desktop\buggy_rover\debug\formula allcode.exe
c:\users\deeman\desktop\buggy_rover\debug\formula allcode.ilk
c:\users\deeman\desktop\buggy_rover\debug\formula allcode.pdb
c:\users\deeman\desktop\buggy_project\buggy_rover\debug\formula allcode.pdb
c:\users\deeman\desktop\buggy_project\buggy_rover\debug\formula allcode.tlog\cl.command.1.tlog
c:\users\deeman\desktop\buggy_project\buggy_rover\debug\formula allcode.tlog\cl.read.1.tlog
c:\users\deeman\desktop\buggy_project\buggy_rover\debug\formula allcode.tlog\cl.write.1.tlog
c:\users\deeman\desktop\buggy_project\buggy_rover\debug\formula allcode.tlog\link-cvtres.read.1.tlog
c:\users\deeman\desktop\buggy_project\buggy_rover\debug\formula allcode.tlog\link-cvtres.write.1.tlog
c:\users\deeman\desktop\buggy_project\buggy_rover\debug\formula allcode.tlog\link-rc.read.1.tlog
c:\users\deeman\desktop\buggy_project\buggy_rover\debug\formula allcode.tlog\link-rc.write.1.tlog
c:\users\deeman\desktop\buggy_project\buggy_rover\debug\formula allcode.tlog\link.23788-cvtres.read.1.tlog
c:\users\deeman\desktop\buggy_project\buggy_rover\debug\formula allcode.tlog\link.23788-cvtres.write.1.tlog
c:\users\deeman\desktop\buggy_project\buggy_rover\debug\formula allcode.tlog\link.23788-rc.read.1.tlog
c:\users\deeman\desktop\buggy_project\buggy_rover\debug\formula allcode.tlog\link.23788-rc.write.1.tlog
c:\users\deeman\desktop\buggy_project\buggy_rover\debug\formula allcode.tlog\link.23788.read.1.tlog
c:\users\deeman\desktop\buggy_project\buggy_rover\debug\formula allcode.tlog\link.23788.write.1.tlog
c:\users\deeman\desktop\buggy_project\buggy_rover\debug\formula allcode.tlog\link.command.1.tlog
c:\users\deeman\desktop\buggy_project\buggy_rover\debug\formula allcode.tlog\link.read.1.tlog
c:\users\deeman\desktop\buggy_project\buggy_rover\debug\formula allcode.tlog\link.write.1.tlog
